<?xml version="1.0" encoding="UTF-8"?>
<!-- Generated by org.testng.reporters.JUnitXMLReporter -->
<testsuite ignored="2" hostname="Himalaya-Laptop" failures="1" tests="15" name="Personal Loan" time="0.314" errors="0" timestamp="2022-07-11T16:58:55 IST">
  <testcase classname="Learning.Selenium.seleniumTrial" name="@BeforeTest browserProperties" time="0.001">
    <failure type="java.lang.NullPointerException">
      <![CDATA[java.lang.NullPointerException
at Learning.Selenium.seleniumTrial.browserProperties(seleniumTrial.java:28)
... Removed 24 stack frames]]>
    </failure>
  </testcase> <!-- @BeforeTest browserProperties -->
  <testcase classname="Learning.Selenium.day3" name="@BeforeMethod beforeEveryMethod" time="0.0">
    <skipped/>
  </testcase> <!-- @BeforeMethod beforeEveryMethod -->
  <testcase classname="Learning.Selenium.day3" name="@BeforeMethod beforeEveryMethod" time="0.0">
    <skipped/>
  </testcase> <!-- @BeforeMethod beforeEveryMethod -->
  <testcase classname="Learning.Selenium.day3" name="@BeforeMethod beforeEveryMethod" time="0.0">
    <skipped/>
  </testcase> <!-- @BeforeMethod beforeEveryMethod -->
  <testcase classname="Learning.Selenium.day3" name="@BeforeMethod beforeEveryMethod" time="0.0">
    <skipped/>
  </testcase> <!-- @BeforeMethod beforeEveryMethod -->
  <testcase classname="Learning.Selenium.day3" name="@BeforeMethod beforeEveryMethod" time="0.0">
    <skipped/>
  </testcase> <!-- @BeforeMethod beforeEveryMethod -->
  <testcase classname="Learning.Selenium.day2" name="@AfterTest lastexecution" time="0.0">
    <skipped/>
  </testcase> <!-- @AfterTest lastexecution -->
  <testcase classname="Learning.Selenium.seleniumTrial" name="@AfterTest browserClose" time="0.0">
    <skipped/>
  </testcase> <!-- @AfterTest browserClose -->
  <testcase classname="Learning.Selenium.day1" name="APILoginCarLoan" time="0.0">
    <skipped/>
  </testcase> <!-- APILoginCarLoan -->
  <testcase classname="Learning.Selenium.day1" name="webLoginCarLoan" time="0.0">
    <skipped/>
  </testcase> <!-- webLoginCarLoan -->
  <testcase classname="Learning.Selenium.day2" name="APILoginHomeLoan" time="0.0">
    <skipped/>
  </testcase> <!-- APILoginHomeLoan -->
  <testcase classname="Learning.Selenium.day2" name="MobileLoginHomeLoan" time="0.0">
    <failure type="org.testng.TestNGException" message="
Parameter &amp;apos;URL&amp;apos; is required by @Test on method MobileLoginHomeLoan but has not been marked @Optional or defined
in C:\Users\ADMIN\git\Egit_repository_practice\testng2.xml">
      <![CDATA[org.testng.TestNGException: 
Parameter 'URL' is required by @Test on method MobileLoginHomeLoan but has not been marked @Optional or defined
in C:\Users\ADMIN\git\Egit_repository_practice\testng2.xml
at java.base/java.util.ArrayList.forEach(ArrayList.java:1541)
... Removed 26 stack frames]]>
    </failure>
  </testcase> <!-- MobileLoginHomeLoan -->
  <testcase classname="Learning.Selenium.day2" name="webLoginHomeLoan" time="0.0">
    <skipped/>
  </testcase> <!-- webLoginHomeLoan -->
  <testcase classname="Learning.Selenium.day3" name="webLoginPersonalLoan" time="0.0">
    <skipped/>
  </testcase> <!-- webLoginPersonalLoan -->
  <testcase classname="Learning.Selenium.day3" name="APILoginPersonalLoan" time="0.001">
    <skipped/>
  </testcase> <!-- APILoginPersonalLoan -->
  <testcase classname="Learning.Selenium.day3" name="webLoginPersonalLoanDataproviderexample" time="0.001">
    <skipped/>
  </testcase> <!-- webLoginPersonalLoanDataproviderexample -->
  <testcase classname="Learning.Selenium.day3" name="webLoginPersonalLoanDataproviderexample" time="0.0">
    <skipped/>
  </testcase> <!-- webLoginPersonalLoanDataproviderexample -->
  <testcase classname="Learning.Selenium.day3" name="webLoginPersonalLoanDataproviderexample" time="0.001">
    <skipped/>
  </testcase> <!-- webLoginPersonalLoanDataproviderexample -->
  <testcase classname="Learning.Selenium.day3" name="APILoginCarLoan" time="0.0">
    <skipped/>
  </testcase> <!-- APILoginCarLoan -->
  <testcase classname="Learning.Selenium.PracticeTestNg" name="demo" time="0.0">
    <skipped/>
  </testcase> <!-- demo -->
  <testcase classname="Learning.Selenium.PracticeTestNg" name="test2" time="0.0">
    <skipped/>
  </testcase> <!-- test2 -->
  <testcase classname="Learning.Selenium.PracticeTestNg" name="test3" time="0.0">
    <skipped/>
  </testcase> <!-- test3 -->
  <testcase classname="Learning.Selenium.seleniumTrial" name="browserLaunch" time="0.0">
    <skipped/>
  </testcase> <!-- browserLaunch -->
  <testcase classname="Learning.Selenium.day3" name="MobileLoginPersonalLoan" time="0.0">
    <ignored/>
  </testcase> <!-- MobileLoginPersonalLoan -->
  <testcase classname="Learning.Selenium.day1" name="MobileLoginCarLoan" time="0.0">
    <ignored/>
  </testcase> <!-- MobileLoginCarLoan -->
</testsuite> <!-- Personal Loan -->
